**********************
Windows PowerShell transcript start
Start time: 20191227175939
Username: DSONE\kcn17
RunAs User: DSONE\kcn17
Configuration Name: 
Machine: PUN-KARTIKEYAC2 (Microsoft Windows NT 10.0.17134.0)
Host Application: C:\Windows\System32\WindowsPowerShell\v1.0\powershell.exe
Process ID: 21008
PSVersion: 5.1.17134.858
PSEdition: Desktop
PSCompatibleVersions: 1.0, 2.0, 3.0, 4.0, 5.0, 5.1.17134.858
BuildVersion: 10.0.17134.858
CLRVersion: 4.0.30319.42000
WSManStackVersion: 3.0
PSRemotingProtocolVersion: 2.3
SerializationVersion: 1.1.0.1
**********************
Transcript started, output file is logs\12-27-2019_17_59_37.log
____________________________________________________
 Stopping Service 3DSpaceTomEENoCAS...
 Service Stopped
____________________________________________________
 Stopping Service 3DSpaceTomEE...
 Service Stopped
____________________________________________________

Status   Name               DisplayName
------   ----               -----------
Stopped  3DSpaceTomEENoC... 3DEXPERIENCE R2019x 3DSpaceNoCAS TomEE
Stopped  3DSpaceTomEE_R2... 3DEXPERIENCE R2019x 3DSpace TomEE
____________________________________________________
____________________________________________________
 Starting Service 3DSpaceTomEENoCAS...
 Service Started
____________________________________________________
 Starting Service 3DSpaceTomEE...
 Service Started
____________________________________________________
Running  3DSpaceTomEENoC... 3DEXPERIENCE R2019x 3DSpaceNoCAS TomEE
Running  3DSpaceTomEE_R2... 3DEXPERIENCE R2019x 3DSpace TomEE
____________________________________________________
**********************
Windows PowerShell transcript end
End time: 20191227175950
**********************
